2025-12-05 11:57:50.392 WARN  org.testng.xml.TestNGContentHandler - It is strongly recommended to add "<!DOCTYPE suite SYSTEM "https://testng.org/testng-1.1.dtd" >" at the top of the suite file [/home/kundan/eclipse-workspace/opencartv121/crossbrowsertesting2with5nodes.xml] otherwise TestNG may fail or not work as expected.
2025-12-05 11:57:50.909 INFO  org.testng.internal.Utils - [TestNG] Running:
  /home/kundan/eclipse-workspace/opencartv121/crossbrowsertesting2with5nodes.xml

2025-12-05 12:01:08.917 INFO  testCases.TC001_AccountRegistrationTest - ***** Starting TC001_AccountRegistrationTest *******
2025-12-05 12:01:08.917 INFO  testCases.TC001_AccountRegistrationTest - ***** Starting TC001_AccountRegistrationTest *******
2025-12-05 12:01:08.917 INFO  testCases.TC001_AccountRegistrationTest - ***** Starting TC001_AccountRegistrationTest *******
2025-12-05 12:01:08.912 INFO  testCases.TC001_AccountRegistrationTest - ***** Starting TC001_AccountRegistrationTest *******
2025-12-05 12:01:08.920 INFO  testCases.TC001_AccountRegistrationTest - ***** Starting TC001_AccountRegistrationTest *******
2025-12-05 12:02:22.269 INFO  testCases.TC001_AccountRegistrationTest - ***** Starting TC001_AccountRegistrationTest *******
2025-12-05 12:02:22.270 INFO  testCases.TC001_AccountRegistrationTest - ***** Starting TC001_AccountRegistrationTest *******
2025-12-05 12:02:22.272 INFO  testCases.TC001_AccountRegistrationTest - ***** Starting TC001_AccountRegistrationTest *******
2025-12-05 12:02:22.530 INFO  testCases.TC001_AccountRegistrationTest - ***** Starting TC001_AccountRegistrationTest *******
2025-12-05 12:02:22.274 INFO  testCases.TC001_AccountRegistrationTest - ***** Starting TC001_AccountRegistrationTest *******
2025-12-05 12:04:13.753 ERROR testCases.TC001_AccountRegistrationTest - Test Failed....
2025-12-05 12:04:13.753 ERROR testCases.TC001_AccountRegistrationTest - Test Failed....
2025-12-05 12:04:13.753 ERROR testCases.TC001_AccountRegistrationTest - Test Failed....
2025-12-05 12:04:13.757 ERROR testCases.TC001_AccountRegistrationTest - Test Failed....
2025-12-05 12:04:13.757 ERROR testCases.TC001_AccountRegistrationTest - Test Failed....
2025-12-05 12:04:52.518 ERROR testCases.TC001_AccountRegistrationTest - Test Failed....
2025-12-05 12:04:52.519 ERROR testCases.TC001_AccountRegistrationTest - Test Failed....
2025-12-05 12:04:52.672 ERROR testCases.TC001_AccountRegistrationTest - Test Failed....
2025-12-05 12:04:55.136 ERROR testCases.TC001_AccountRegistrationTest - Test Failed....
2025-12-05 12:04:55.167 ERROR testCases.TC001_AccountRegistrationTest - Test Failed....
