2025-12-05 10:57:20 WARN  org.testng.xml.TestNGContentHandler - It is strongly recommended to add "<!DOCTYPE suite SYSTEM "https://testng.org/testng-1.1.dtd" >" at the top of the suite file [/home/kundan/eclipse-workspace/opencartv121/crossbrowsertesting2with5nodes.xml] otherwise TestNG may fail or not work as expected.
2025-12-05 10:57:21 INFO  org.testng.internal.Utils - [TestNG] Running:
  /home/kundan/eclipse-workspace/opencartv121/crossbrowsertesting2with5nodes.xml

2025-12-05 10:58:26 INFO  testCases.TC001_AccountRegistrationTest - ***** Starting TC001_AccountRegistrationTest *******
2025-12-05 10:58:27 INFO  testCases.TC001_AccountRegistrationTest - ***** Starting TC001_AccountRegistrationTest *******
2025-12-05 10:58:27 INFO  testCases.TC001_AccountRegistrationTest - ***** Starting TC001_AccountRegistrationTest *******
2025-12-05 10:58:29 INFO  testCases.TC001_AccountRegistrationTest - **** Clicked on My Account Link  ****
2025-12-05 10:58:29 INFO  testCases.TC001_AccountRegistrationTest - **** Clicked on My Account Link  ****
2025-12-05 10:58:29 INFO  testCases.TC001_AccountRegistrationTest - **** Clicked on My Account Link  ****
2025-12-05 10:58:31 INFO  testCases.TC001_AccountRegistrationTest - **** Clicked on Register Link  ****
2025-12-05 10:58:31 INFO  testCases.TC001_AccountRegistrationTest - **** Providing Customer details  ****
2025-12-05 10:58:31 ERROR testCases.TC001_AccountRegistrationTest - Test Failed....
2025-12-05 10:58:41 ERROR testCases.TC001_AccountRegistrationTest - Test Failed....
2025-12-05 10:58:43 ERROR testCases.TC001_AccountRegistrationTest - Test Failed....
2025-12-05 10:58:54 INFO  testCases.TC001_AccountRegistrationTest - ***** Starting TC001_AccountRegistrationTest *******
2025-12-05 10:58:56 INFO  testCases.TC001_AccountRegistrationTest - **** Clicked on My Account Link  ****
2025-12-05 10:58:59 INFO  testCases.TC001_AccountRegistrationTest - **** Clicked on Register Link  ****
2025-12-05 10:58:59 INFO  testCases.TC001_AccountRegistrationTest - **** Providing Customer details  ****
2025-12-05 10:59:09 INFO  testCases.TC001_AccountRegistrationTest - **** Validating Expected message  ****
2025-12-05 10:59:10 INFO  testCases.TC001_AccountRegistrationTest - *** Finished TC001_AccountRegistrationTest ******
2025-12-05 10:59:12 INFO  testCases.TC001_AccountRegistrationTest - ***** Starting TC001_AccountRegistrationTest *******
2025-12-05 10:59:12 ERROR testCases.TC001_AccountRegistrationTest - Test Failed....
2025-12-05 10:59:19 INFO  testCases.TC001_AccountRegistrationTest - ***** Starting TC001_AccountRegistrationTest *******
2025-12-05 10:59:21 INFO  testCases.TC001_AccountRegistrationTest - **** Clicked on My Account Link  ****
2025-12-05 10:59:22 INFO  testCases.TC001_AccountRegistrationTest - **** Clicked on Register Link  ****
2025-12-05 10:59:22 INFO  testCases.TC001_AccountRegistrationTest - **** Providing Customer details  ****
2025-12-05 10:59:27 INFO  testCases.TC001_AccountRegistrationTest - **** Validating Expected message  ****
2025-12-05 10:59:27 INFO  testCases.TC001_AccountRegistrationTest - *** Finished TC001_AccountRegistrationTest ******
2025-12-05 11:00:22 INFO  testCases.TC001_AccountRegistrationTest - ***** Starting TC001_AccountRegistrationTest *******
2025-12-05 11:00:22 INFO  testCases.TC001_AccountRegistrationTest - ***** Starting TC001_AccountRegistrationTest *******
2025-12-05 11:00:22 INFO  testCases.TC001_AccountRegistrationTest - ***** Starting TC001_AccountRegistrationTest *******
2025-12-05 11:00:22 ERROR testCases.TC001_AccountRegistrationTest - Test Failed....
2025-12-05 11:00:22 ERROR testCases.TC001_AccountRegistrationTest - Test Failed....
2025-12-05 11:00:22 INFO  testCases.TC001_AccountRegistrationTest - ***** Starting TC001_AccountRegistrationTest *******
2025-12-05 11:00:22 ERROR testCases.TC001_AccountRegistrationTest - Test Failed....
2025-12-05 11:00:22 ERROR testCases.TC001_AccountRegistrationTest - Test Failed....
