2025-12-05 11:57:50 WARN  org.testng.xml.TestNGContentHandler - It is strongly recommended to add "<!DOCTYPE suite SYSTEM "https://testng.org/testng-1.1.dtd" >" at the top of the suite file [/home/kundan/eclipse-workspace/opencartv121/crossbrowsertesting2with5nodes.xml] otherwise TestNG may fail or not work as expected.
2025-12-05 11:57:50 INFO  org.testng.internal.Utils - [TestNG] Running:
  /home/kundan/eclipse-workspace/opencartv121/crossbrowsertesting2with5nodes.xml

2025-12-05 12:01:08 INFO  testCases.TC001_AccountRegistrationTest - ***** Starting TC001_AccountRegistrationTest *******
2025-12-05 12:01:08 INFO  testCases.TC001_AccountRegistrationTest - ***** Starting TC001_AccountRegistrationTest *******
2025-12-05 12:01:08 INFO  testCases.TC001_AccountRegistrationTest - ***** Starting TC001_AccountRegistrationTest *******
2025-12-05 12:01:08 INFO  testCases.TC001_AccountRegistrationTest - ***** Starting TC001_AccountRegistrationTest *******
2025-12-05 12:01:08 INFO  testCases.TC001_AccountRegistrationTest - ***** Starting TC001_AccountRegistrationTest *******
2025-12-05 12:02:22 INFO  testCases.TC001_AccountRegistrationTest - ***** Starting TC001_AccountRegistrationTest *******
2025-12-05 12:02:22 INFO  testCases.TC001_AccountRegistrationTest - ***** Starting TC001_AccountRegistrationTest *******
2025-12-05 12:02:22 INFO  testCases.TC001_AccountRegistrationTest - ***** Starting TC001_AccountRegistrationTest *******
2025-12-05 12:02:22 INFO  testCases.TC001_AccountRegistrationTest - ***** Starting TC001_AccountRegistrationTest *******
2025-12-05 12:02:22 INFO  testCases.TC001_AccountRegistrationTest - ***** Starting TC001_AccountRegistrationTest *******
2025-12-05 12:04:13 ERROR testCases.TC001_AccountRegistrationTest - Test Failed....
2025-12-05 12:04:13 ERROR testCases.TC001_AccountRegistrationTest - Test Failed....
2025-12-05 12:04:13 ERROR testCases.TC001_AccountRegistrationTest - Test Failed....
2025-12-05 12:04:13 ERROR testCases.TC001_AccountRegistrationTest - Test Failed....
2025-12-05 12:04:13 ERROR testCases.TC001_AccountRegistrationTest - Test Failed....
2025-12-05 12:04:52 ERROR testCases.TC001_AccountRegistrationTest - Test Failed....
2025-12-05 12:04:52 ERROR testCases.TC001_AccountRegistrationTest - Test Failed....
2025-12-05 12:04:52 ERROR testCases.TC001_AccountRegistrationTest - Test Failed....
2025-12-05 12:04:55 ERROR testCases.TC001_AccountRegistrationTest - Test Failed....
2025-12-05 12:04:55 ERROR testCases.TC001_AccountRegistrationTest - Test Failed....
